<?xml version="1.0" encoding="UTF-8"?>
<!-- Generated by org.testng.reporters.JUnitXMLReporter -->
<testsuite hostname="GUDU-PC" ignored="0" name="Windows10Test" tests="1" failures="0" timestamp="2021-10-18T07:01:58 IST" time="1.838" errors="0">
  <testcase name="@BeforeClass setup" time="1.792" classname="test.SauceLabz1">
    <failure type="org.openqa.selenium.WebDriverException" message="Unable to parse remote response: No browserName or device specified in session request. Please check our platforms documentation (https://saucelabs.com/docs/platforms): {&amp;apos;platform&amp;apos;: &amp;apos;WIN10&amp;apos;, &amp;apos;version&amp;apos;: &amp;apos;66.0&amp;apos;, &amp;apos;browser&amp;apos;: &amp;apos;Firefox&amp;apos;}">
      <![CDATA[org.openqa.selenium.WebDriverException: Unable to parse remote response: No browserName or device specified in session request. Please check our platforms documentation (https://saucelabs.com/docs/platforms): {'platform': 'WIN10', 'version': '66.0', 'browser': 'Firefox'}
at org.openqa.selenium.remote.ProtocolHandshake.createSession(ProtocolHandshake.java:115)
at org.openqa.selenium.remote.ProtocolHandshake.createSession(ProtocolHandshake.java:74)
at org.openqa.selenium.remote.HttpCommandExecutor.execute(HttpCommandExecutor.java:136)
at org.openqa.selenium.remote.RemoteWebDriver.execute(RemoteWebDriver.java:552)
at org.openqa.selenium.remote.RemoteWebDriver.startSession(RemoteWebDriver.java:213)
at org.openqa.selenium.remote.RemoteWebDriver.<init>(RemoteWebDriver.java:131)
at org.openqa.selenium.remote.RemoteWebDriver.<init>(RemoteWebDriver.java:144)
at test.SauceLabz1.setup(SauceLabz1.java:28)
at java.util.ArrayList.forEach(ArrayList.java:1257)
Caused by: org.openqa.selenium.json.JsonException: Unable to determine type from: N. Last 1 characters read: N
Build info: version: '3.141.59', revision: 'e82be7d358', time: '2018-11-14T08:25:53'
System info: host: 'GUDU-PC', ip: '192.168.1.100', os.name: 'Windows 7', os.arch: 'x86', os.version: '6.1', java.version: '1.8.0_211'
Driver info: driver.version: RemoteWebDriver
at org.openqa.selenium.json.JsonInput.peek(JsonInput.java:122)
at org.openqa.selenium.json.JsonTypeCoercer.lambda$null$6(JsonTypeCoercer.java:140)
at org.openqa.selenium.json.JsonTypeCoercer.coerce(JsonTypeCoercer.java:126)
at org.openqa.selenium.json.Json.toType(Json.java:69)
at org.openqa.selenium.json.Json.toType(Json.java:55)
at org.openqa.selenium.json.Json.toType(Json.java:50)
at org.openqa.selenium.remote.ProtocolHandshake.createSession(ProtocolHandshake.java:112)
... 33 more
... Removed 25 stack frames]]>
    </failure>
  </testcase> <!-- @BeforeClass setup -->
  <testcase name="@AfterClass tearDown" time="-1.634520718775E9" classname="test.SauceLabz1">
    <skipped/>
  </testcase> <!-- @AfterClass tearDown -->
  <testcase name="verifyLogin" time="0.0" classname="test.SauceLabz1">
    <skipped/>
  </testcase> <!-- verifyLogin -->
</testsuite> <!-- Windows10Test -->
