<?xml version="1.0" encoding="UTF-8"?>
<testng-results skipped="0" failed="0" ignored="0" total="1" passed="1">
  <reporter-output>
  </reporter-output>
  <suite name="Suite" duration-ms="17594" started-at="2021-10-17T13:18:21Z" finished-at="2021-10-17T13:18:39Z">
    <groups>
    </groups>
    <test name="Test" duration-ms="17594" started-at="2021-10-17T13:18:21Z" finished-at="2021-10-17T13:18:39Z">
      <class name="test.Example">
        <test-method status="PASS" signature="test()[pri:0, instance:test.Example@9a5fbe]" name="test" duration-ms="17467" started-at="2021-10-17T13:18:22Z" finished-at="2021-10-17T13:18:39Z">
          <reporter-output>
          </reporter-output>
        </test-method> <!-- test -->
      </class> <!-- test.Example -->
    </test> <!-- Test -->
  </suite> <!-- Suite -->
</testng-results>
