<?xml version="1.0" encoding="UTF-8"?>
<testng-results skipped="0" failed="0" ignored="0" total="1" passed="1">
  <reporter-output>
  </reporter-output>
  <suite name="Default suite" duration-ms="17886" started-at="2021-12-20T22:38:14 IST" finished-at="2021-12-20T22:38:32 IST">
    <groups>
    </groups>
    <test name="Default test" duration-ms="17886" started-at="2021-12-20T22:38:14 IST" finished-at="2021-12-20T22:38:32 IST">
      <class name="actions.ObjectRepository">
        <test-method status="PASS" signature="readfromConfigFile()[pri:0, instance:actions.ObjectRepository@9a3d1d]" name="readfromConfigFile" duration-ms="17814" started-at="2021-12-20T22:38:14 IST" finished-at="2021-12-20T22:38:32 IST">
          <reporter-output>
          </reporter-output>
        </test-method> <!-- readfromConfigFile -->
      </class> <!-- actions.ObjectRepository -->
    </test> <!-- Default test -->
  </suite> <!-- Default suite -->
</testng-results>
